<?xml version="1.0" encoding="UTF-8"?>
<!-- Generated by org.testng.reporters.JUnitReportReporter -->
<testsuite skipped="0" hostname="DGolkePC" name="com.google.accounts.testes.CadastroUsuario" tests="17" failures="0" timestamp="13 ago 2017 21:49:35 GMT" time="188.102" errors="1">
  <testcase name="novoUserNOK" time="10.863" classname="com.google.accounts.testes.CadastroUsuario"/>
  <testcase name="novoUserNOK" time="10.315" classname="com.google.accounts.testes.CadastroUsuario"/>
  <testcase name="novoUserNOK" time="11.046" classname="com.google.accounts.testes.CadastroUsuario"/>
  <testcase name="novoUserNOK" time="11.182" classname="com.google.accounts.testes.CadastroUsuario"/>
  <testcase name="novoUserNOK" time="10.184" classname="com.google.accounts.testes.CadastroUsuario"/>
  <testcase name="novoUserNOK" time="11.219" classname="com.google.accounts.testes.CadastroUsuario"/>
  <testcase name="novoUserNOK" time="10.553" classname="com.google.accounts.testes.CadastroUsuario"/>
  <testcase name="novoUserNOK" time="12.535" classname="com.google.accounts.testes.CadastroUsuario"/>
  <testcase name="novoUserNOK" time="10.317" classname="com.google.accounts.testes.CadastroUsuario"/>
  <testcase name="novoUserNOK" time="10.792" classname="com.google.accounts.testes.CadastroUsuario"/>
  <testcase name="novoUserNOK" time="10.301" classname="com.google.accounts.testes.CadastroUsuario">
    <error type="org.openqa.selenium.WebDriverException" message="unknown error: Element &lt;div class=&quot;goog-menuitem-content&quot; style=&quot;user-select: none;&quot;&gt;...&lt;/div&gt; is not clickable at point (898, 444). Other element would receive the click: &lt;input type=&quot;password&quot; name=&quot;Passwd&quot; id=&quot;Passwd&quot;&gt;
  (Session info: chrome=60.0.3112.90)
  (Driver info: chromedriver=2.27.440174 (e97a722caafc2d3a8b807ee115bfb307f7d2cfd9),platform=Windows NT 10.0.15063 x86_64) (WARNING: The server did not provide any stacktrace information)
Command duration or timeout: 159 milliseconds
Build info: version: &#039;2.48.2&#039;, revision: &#039;41bccdd10cf2c0560f637404c2d96164b67d9d67&#039;, time: &#039;2015-10-09 13:08:06&#039;
System info: host: &#039;DGolkePC&#039;, ip: &#039;192.168.25.17&#039;, os.name: &#039;Windows 10&#039;, os.arch: &#039;amd64&#039;, os.version: &#039;10.0&#039;, java.version: &#039;1.8.0_144&#039;
Driver info: org.openqa.selenium.chrome.ChromeDriver
Capabilities [{applicationCacheEnabled=false, rotatable=false, mobileEmulationEnabled=false, networkConnectionEnabled=false, chrome={chromedriverVersion=2.27.440174 (e97a722caafc2d3a8b807ee115bfb307f7d2cfd9), userDataDir=C:\Users\DOUGLA~1\AppData\Local\Temp\scoped_dir10180_22006}, takesHeapSnapshot=true, pageLoadStrategy=normal, databaseEnabled=false, handlesAlerts=true, hasTouchScreen=false, version=60.0.3112.90, platform=XP, browserConnectionEnabled=false, nativeEvents=true, acceptSslCerts=true, locationContextEnabled=true, webStorageEnabled=true, browserName=chrome, takesScreenshot=true, javascriptEnabled=true, cssSelectorsEnabled=true, unexpectedAlertBehaviour=}]
Session ID: c6644553fcbbc7a672c305c14418f8d3">
      <![CDATA[org.openqa.selenium.WebDriverException: unknown error: Element <div class="goog-menuitem-content" style="user-select: none;">...</div> is not clickable at point (898, 444). Other element would receive the click: <input type="password" name="Passwd" id="Passwd">
  (Session info: chrome=60.0.3112.90)
  (Driver info: chromedriver=2.27.440174 (e97a722caafc2d3a8b807ee115bfb307f7d2cfd9),platform=Windows NT 10.0.15063 x86_64) (WARNING: The server did not provide any stacktrace information)
Command duration or timeout: 159 milliseconds
Build info: version: '2.48.2', revision: '41bccdd10cf2c0560f637404c2d96164b67d9d67', time: '2015-10-09 13:08:06'
System info: host: 'DGolkePC', ip: '192.168.25.17', os.name: 'Windows 10', os.arch: 'amd64', os.version: '10.0', java.version: '1.8.0_144'
Driver info: org.openqa.selenium.chrome.ChromeDriver
Capabilities [{applicationCacheEnabled=false, rotatable=false, mobileEmulationEnabled=false, networkConnectionEnabled=false, chrome={chromedriverVersion=2.27.440174 (e97a722caafc2d3a8b807ee115bfb307f7d2cfd9), userDataDir=C:\Users\DOUGLA~1\AppData\Local\Temp\scoped_dir10180_22006}, takesHeapSnapshot=true, pageLoadStrategy=normal, databaseEnabled=false, handlesAlerts=true, hasTouchScreen=false, version=60.0.3112.90, platform=XP, browserConnectionEnabled=false, nativeEvents=true, acceptSslCerts=true, locationContextEnabled=true, webStorageEnabled=true, browserName=chrome, takesScreenshot=true, javascriptEnabled=true, cssSelectorsEnabled=true, unexpectedAlertBehaviour=}]
Session ID: c6644553fcbbc7a672c305c14418f8d3
	at sun.reflect.NativeConstructorAccessorImpl.newInstance0(Native Method)
	at sun.reflect.NativeConstructorAccessorImpl.newInstance(Unknown Source)
	at sun.reflect.DelegatingConstructorAccessorImpl.newInstance(Unknown Source)
	at java.lang.reflect.Constructor.newInstance(Unknown Source)
	at org.openqa.selenium.remote.ErrorHandler.createThrowable(ErrorHandler.java:206)
	at org.openqa.selenium.remote.ErrorHandler.throwIfResponseFailed(ErrorHandler.java:158)
	at org.openqa.selenium.remote.RemoteWebDriver.execute(RemoteWebDriver.java:647)
	at org.openqa.selenium.remote.RemoteWebElement.execute(RemoteWebElement.java:326)
	at org.openqa.selenium.remote.RemoteWebElement.click(RemoteWebElement.java:84)
	at com.google.accounts.PaginaCriarConta.selecionaMes(PaginaCriarConta.java:165)
	at com.google.accounts.testes.CadastroUsuario.novoUserNOK(CadastroUsuario.java:66)
	at sun.reflect.NativeMethodAccessorImpl.invoke0(Native Method)
	at sun.reflect.NativeMethodAccessorImpl.invoke(Unknown Source)
	at sun.reflect.DelegatingMethodAccessorImpl.invoke(Unknown Source)
	at java.lang.reflect.Method.invoke(Unknown Source)
	at org.testng.internal.MethodInvocationHelper.invokeMethod(MethodInvocationHelper.java:108)
	at org.testng.internal.Invoker.invokeMethod(Invoker.java:661)
	at org.testng.internal.Invoker.invokeTestMethod(Invoker.java:869)
	at org.testng.internal.Invoker.invokeTestMethods(Invoker.java:1193)
	at org.testng.internal.TestMethodWorker.invokeTestMethods(TestMethodWorker.java:126)
	at org.testng.internal.TestMethodWorker.run(TestMethodWorker.java:109)
	at org.testng.TestRunner.privateRun(TestRunner.java:744)
	at org.testng.TestRunner.run(TestRunner.java:602)
	at org.testng.SuiteRunner.runTest(SuiteRunner.java:380)
	at org.testng.SuiteRunner.runSequentially(SuiteRunner.java:375)
	at org.testng.SuiteRunner.privateRun(SuiteRunner.java:340)
	at org.testng.SuiteRunner.run(SuiteRunner.java:289)
	at org.testng.SuiteRunnerWorker.runSuite(SuiteRunnerWorker.java:52)
	at org.testng.SuiteRunnerWorker.run(SuiteRunnerWorker.java:86)
	at org.testng.TestNG.runSuitesSequentially(TestNG.java:1301)
	at org.testng.TestNG.runSuitesLocally(TestNG.java:1226)
	at org.testng.TestNG.runSuites(TestNG.java:1144)
	at org.testng.TestNG.run(TestNG.java:1115)
	at org.testng.remote.AbstractRemoteTestNG.run(AbstractRemoteTestNG.java:132)
	at org.testng.remote.RemoteTestNG.initAndRun(RemoteTestNG.java:230)
	at org.testng.remote.RemoteTestNG.main(RemoteTestNG.java:76)
]]>
    </error>
  </testcase> <!-- novoUserNOK -->
  <testcase name="novoUserNOK" time="10.728" classname="com.google.accounts.testes.CadastroUsuario"/>
  <testcase name="novoUserNOK" time="10.643" classname="com.google.accounts.testes.CadastroUsuario"/>
  <testcase name="novoUserNOK" time="12.641" classname="com.google.accounts.testes.CadastroUsuario"/>
  <testcase name="novoUserNOK" time="13.408" classname="com.google.accounts.testes.CadastroUsuario"/>
  <testcase name="novoUserNOK" time="9.792" classname="com.google.accounts.testes.CadastroUsuario"/>
  <testcase name="novoUserNOK" time="11.583" classname="com.google.accounts.testes.CadastroUsuario"/>
</testsuite> <!-- com.google.accounts.testes.CadastroUsuario -->
