<?xml version="1.0" encoding="UTF-8"?>
<!-- Generated by org.testng.reporters.JUnitXMLReporter -->
<testsuite hostname="DGolkePC" ignored="6" name="Default test" tests="17" failures="1" timestamp="13 ago 2017 21:49:35 GMT" time="188.308" errors="0">
  <testcase name="novoUserNOK" time="1.906" classname="com.google.accounts.testes.CadastroUsuario">
    <failure type="org.openqa.selenium.WebDriverException" message="unknown error: Element &amp;lt;div class=&amp;quot;goog-menuitem-content&amp;quot; style=&amp;quot;user-select: none;&amp;quot;&amp;gt;...&amp;lt;/div&amp;gt; is not clickable at point (898, 444). Other element would receive the click: &amp;lt;input type=&amp;quot;password&amp;quot; name=&amp;quot;Passwd&amp;quot; id=&amp;quot;Passwd&amp;quot;&amp;gt;
  (Session info: chrome=60.0.3112.90)
  (Driver info: chromedriver=2.27.440174 (e97a722caafc2d3a8b807ee115bfb307f7d2cfd9),platform=Windows NT 10.0.15063 x86_64) (WARNING: The server did not provide any stacktrace information)
Command duration or timeout: 159 milliseconds
Build info: version: &amp;apos;2.48.2&amp;apos;, revision: &amp;apos;41bccdd10cf2c0560f637404c2d96164b67d9d67&amp;apos;, time: &amp;apos;2015-10-09 13:08:06&amp;apos;
System info: host: &amp;apos;DGolkePC&amp;apos;, ip: &amp;apos;192.168.25.17&amp;apos;, os.name: &amp;apos;Windows 10&amp;apos;, os.arch: &amp;apos;amd64&amp;apos;, os.version: &amp;apos;10.0&amp;apos;, java.version: &amp;apos;1.8.0_144&amp;apos;
Driver info: org.openqa.selenium.chrome.ChromeDriver
Capabilities [{applicationCacheEnabled=false, rotatable=false, mobileEmulationEnabled=false, networkConnectionEnabled=false, chrome={chromedriverVersion=2.27.440174 (e97a722caafc2d3a8b807ee115bfb307f7d2cfd9), userDataDir=C:\Users\DOUGLA~1\AppData\Local\Temp\scoped_dir10180_22006}, takesHeapSnapshot=true, pageLoadStrategy=normal, databaseEnabled=false, handlesAlerts=true, hasTouchScreen=false, version=60.0.3112.90, platform=XP, browserConnectionEnabled=false, nativeEvents=true, acceptSslCerts=true, locationContextEnabled=true, webStorageEnabled=true, browserName=chrome, takesScreenshot=true, javascriptEnabled=true, cssSelectorsEnabled=true, unexpectedAlertBehaviour=}]
Session ID: c6644553fcbbc7a672c305c14418f8d3">
      <![CDATA[org.openqa.selenium.WebDriverException: unknown error: Element <div class="goog-menuitem-content" style="user-select: none;">...</div> is not clickable at point (898, 444). Other element would receive the click: <input type="password" name="Passwd" id="Passwd">
  (Session info: chrome=60.0.3112.90)
  (Driver info: chromedriver=2.27.440174 (e97a722caafc2d3a8b807ee115bfb307f7d2cfd9),platform=Windows NT 10.0.15063 x86_64) (WARNING: The server did not provide any stacktrace information)
Command duration or timeout: 159 milliseconds
Build info: version: '2.48.2', revision: '41bccdd10cf2c0560f637404c2d96164b67d9d67', time: '2015-10-09 13:08:06'
System info: host: 'DGolkePC', ip: '192.168.25.17', os.name: 'Windows 10', os.arch: 'amd64', os.version: '10.0', java.version: '1.8.0_144'
Driver info: org.openqa.selenium.chrome.ChromeDriver
Capabilities [{applicationCacheEnabled=false, rotatable=false, mobileEmulationEnabled=false, networkConnectionEnabled=false, chrome={chromedriverVersion=2.27.440174 (e97a722caafc2d3a8b807ee115bfb307f7d2cfd9), userDataDir=C:\Users\DOUGLA~1\AppData\Local\Temp\scoped_dir10180_22006}, takesHeapSnapshot=true, pageLoadStrategy=normal, databaseEnabled=false, handlesAlerts=true, hasTouchScreen=false, version=60.0.3112.90, platform=XP, browserConnectionEnabled=false, nativeEvents=true, acceptSslCerts=true, locationContextEnabled=true, webStorageEnabled=true, browserName=chrome, takesScreenshot=true, javascriptEnabled=true, cssSelectorsEnabled=true, unexpectedAlertBehaviour=}]
Session ID: c6644553fcbbc7a672c305c14418f8d3
	at sun.reflect.NativeConstructorAccessorImpl.newInstance0(Native Method)
	at sun.reflect.NativeConstructorAccessorImpl.newInstance(Unknown Source)
	at sun.reflect.DelegatingConstructorAccessorImpl.newInstance(Unknown Source)
	at java.lang.reflect.Constructor.newInstance(Unknown Source)
	at org.openqa.selenium.remote.ErrorHandler.createThrowable(ErrorHandler.java:206)
	at org.openqa.selenium.remote.ErrorHandler.throwIfResponseFailed(ErrorHandler.java:158)
	at org.openqa.selenium.remote.RemoteWebDriver.execute(RemoteWebDriver.java:647)
	at org.openqa.selenium.remote.RemoteWebElement.execute(RemoteWebElement.java:326)
	at org.openqa.selenium.remote.RemoteWebElement.click(RemoteWebElement.java:84)
	at com.google.accounts.PaginaCriarConta.selecionaMes(PaginaCriarConta.java:165)
	at com.google.accounts.testes.CadastroUsuario.novoUserNOK(CadastroUsuario.java:66)
	at sun.reflect.NativeMethodAccessorImpl.invoke0(Native Method)
	at sun.reflect.NativeMethodAccessorImpl.invoke(Unknown Source)
	at sun.reflect.DelegatingMethodAccessorImpl.invoke(Unknown Source)
	at java.lang.reflect.Method.invoke(Unknown Source)
	at org.testng.internal.MethodInvocationHelper.invokeMethod(MethodInvocationHelper.java:108)
	at org.testng.internal.Invoker.invokeMethod(Invoker.java:661)
	at org.testng.internal.Invoker.invokeTestMethod(Invoker.java:869)
	at org.testng.internal.Invoker.invokeTestMethods(Invoker.java:1193)
	at org.testng.internal.TestMethodWorker.invokeTestMethods(TestMethodWorker.java:126)
	at org.testng.internal.TestMethodWorker.run(TestMethodWorker.java:109)
	at org.testng.TestRunner.privateRun(TestRunner.java:744)
	at org.testng.TestRunner.run(TestRunner.java:602)
	at org.testng.SuiteRunner.runTest(SuiteRunner.java:380)
	at org.testng.SuiteRunner.runSequentially(SuiteRunner.java:375)
	at org.testng.SuiteRunner.privateRun(SuiteRunner.java:340)
	at org.testng.SuiteRunner.run(SuiteRunner.java:289)
	at org.testng.SuiteRunnerWorker.runSuite(SuiteRunnerWorker.java:52)
	at org.testng.SuiteRunnerWorker.run(SuiteRunnerWorker.java:86)
	at org.testng.TestNG.runSuitesSequentially(TestNG.java:1301)
	at org.testng.TestNG.runSuitesLocally(TestNG.java:1226)
	at org.testng.TestNG.runSuites(TestNG.java:1144)
	at org.testng.TestNG.run(TestNG.java:1115)
	at org.testng.remote.AbstractRemoteTestNG.run(AbstractRemoteTestNG.java:132)
	at org.testng.remote.RemoteTestNG.initAndRun(RemoteTestNG.java:230)
	at org.testng.remote.RemoteTestNG.main(RemoteTestNG.java:76)
]]>
    </failure>
  </testcase> <!-- novoUserNOK -->
  <testcase name="novoUserNOK" time="2.613" classname="com.google.accounts.testes.CadastroUsuario"/>
  <testcase name="novoUserNOK" time="1.723" classname="com.google.accounts.testes.CadastroUsuario"/>
  <testcase name="novoUserNOK" time="2.018" classname="com.google.accounts.testes.CadastroUsuario"/>
  <testcase name="novoUserNOK" time="2.401" classname="com.google.accounts.testes.CadastroUsuario"/>
  <testcase name="novoUserNOK" time="2.37" classname="com.google.accounts.testes.CadastroUsuario"/>
  <testcase name="novoUserNOK" time="2.633" classname="com.google.accounts.testes.CadastroUsuario"/>
  <testcase name="novoUserNOK" time="3.045" classname="com.google.accounts.testes.CadastroUsuario"/>
  <testcase name="novoUserNOK" time="2.914" classname="com.google.accounts.testes.CadastroUsuario"/>
  <testcase name="novoUserNOK" time="2.969" classname="com.google.accounts.testes.CadastroUsuario"/>
  <testcase name="novoUserNOK" time="1.252" classname="com.google.accounts.testes.CadastroUsuario"/>
  <testcase name="novoUserNOK" time="1.845" classname="com.google.accounts.testes.CadastroUsuario"/>
  <testcase name="novoUserNOK" time="2.973" classname="com.google.accounts.testes.CadastroUsuario"/>
  <testcase name="novoUserNOK" time="2.567" classname="com.google.accounts.testes.CadastroUsuario"/>
  <testcase name="novoUserNOK" time="2.317" classname="com.google.accounts.testes.CadastroUsuario"/>
  <testcase name="novoUserNOK" time="3.101" classname="com.google.accounts.testes.CadastroUsuario"/>
  <testcase name="novoUserNOK" time="1.643" classname="com.google.accounts.testes.CadastroUsuario"/>
  <testcase name="CadastroSemSenha" time="0.0" classname="com.google.accounts.testes.CadastroUsuario">
    <ignored/>
  </testcase> <!-- CadastroSemSenha -->
  <testcase name="CadastroComUserCorreto" time="0.0" classname="com.google.accounts.testes.CadastroUsuario">
    <ignored/>
  </testcase> <!-- CadastroComUserCorreto -->
  <testcase name="CadastroComCelularInvalido" time="0.0" classname="com.google.accounts.testes.CadastroUsuario">
    <ignored/>
  </testcase> <!-- CadastroComCelularInvalido -->
  <testcase name="CadastroDeEmailDeUsuarioInvalido" time="0.0" classname="com.google.accounts.testes.CadastroUsuario">
    <ignored/>
  </testcase> <!-- CadastroDeEmailDeUsuarioInvalido -->
  <testcase name="CadastroDeDiaNascInvalido" time="0.0" classname="com.google.accounts.testes.CadastroUsuario">
    <ignored/>
  </testcase> <!-- CadastroDeDiaNascInvalido -->
  <testcase name="CadastroComEmailAtualInvalido" time="0.0" classname="com.google.accounts.testes.CadastroUsuario">
    <ignored/>
  </testcase> <!-- CadastroComEmailAtualInvalido -->
</testsuite> <!-- Default test -->
